Performing C SOURCE FILE Test CMAKE_HAVE_LIBC_PTHREAD failed with the following output:
Change Dir: /home/akshatchauhan/example/cpp-unit-testing-101/build/CMakeFiles/CMakeTmp

Run Build Command(s):/usr/bin/make -f Makefile cmTC_05934/fast && /usr/bin/make  -f CMakeFiles/cmTC_05934.dir/build.make CMakeFiles/cmTC_05934.dir/build
make[1]: Entering directory '/home/akshatchauhan/example/cpp-unit-testing-101/build/CMakeFiles/CMakeTmp'
Building C object CMakeFiles/cmTC_05934.dir/src.c.o
/usr/bin/cc -DCMAKE_HAVE_LIBC_PTHREAD   -o CMakeFiles/cmTC_05934.dir/src.c.o -c /home/akshatchauhan/example/cpp-unit-testing-101/build/CMakeFiles/CMakeTmp/src.c
Linking C executable cmTC_05934
/usr/local/bin/cmake -E cmake_link_script CMakeFiles/cmTC_05934.dir/link.txt --verbose=1
/usr/bin/cc CMakeFiles/cmTC_05934.dir/src.c.o -o cmTC_05934 
CMakeFiles/cmTC_05934.dir/src.c.o: In function `main':
src.c:(.text+0x3e): undefined reference to `pthread_create'
src.c:(.text+0x4a): undefined reference to `pthread_detach'
src.c:(.text+0x56): undefined reference to `pthread_cancel'
src.c:(.text+0x67): undefined reference to `pthread_join'
src.c:(.text+0x7b): undefined reference to `pthread_atfork'
collect2: error: ld returned 1 exit status
CMakeFiles/cmTC_05934.dir/build.make:98: recipe for target 'cmTC_05934' failed
make[1]: *** [cmTC_05934] Error 1
make[1]: Leaving directory '/home/akshatchauhan/example/cpp-unit-testing-101/build/CMakeFiles/CMakeTmp'
Makefile:127: recipe for target 'cmTC_05934/fast' failed
make: *** [cmTC_05934/fast] Error 2


Source file was:
#include <pthread.h>

static void* test_func(void* data)
{
  return data;
}

int main(void)
{
  pthread_t thread;
  pthread_create(&thread, NULL, test_func, NULL);
  pthread_detach(thread);
  pthread_cancel(thread);
  pthread_join(thread, NULL);
  pthread_atfork(NULL, NULL, NULL);
  pthread_exit(NULL);

  return 0;
}

Determining if the function pthread_create exists in the pthreads failed with the following output:
Change Dir: /home/akshatchauhan/example/cpp-unit-testing-101/build/CMakeFiles/CMakeTmp

Run Build Command(s):/usr/bin/make -f Makefile cmTC_88772/fast && /usr/bin/make  -f CMakeFiles/cmTC_88772.dir/build.make CMakeFiles/cmTC_88772.dir/build
make[1]: Entering directory '/home/akshatchauhan/example/cpp-unit-testing-101/build/CMakeFiles/CMakeTmp'
Building C object CMakeFiles/cmTC_88772.dir/CheckFunctionExists.c.o
/usr/bin/cc   -DCHECK_FUNCTION_EXISTS=pthread_create -o CMakeFiles/cmTC_88772.dir/CheckFunctionExists.c.o -c /usr/local/share/cmake-3.22/Modules/CheckFunctionExists.c
Linking C executable cmTC_88772
/usr/local/bin/cmake -E cmake_link_script CMakeFiles/cmTC_88772.dir/link.txt --verbose=1
/usr/bin/cc  -DCHECK_FUNCTION_EXISTS=pthread_create CMakeFiles/cmTC_88772.dir/CheckFunctionExists.c.o -o cmTC_88772  -lpthreads 
/usr/bin/ld: cannot find -lpthreads
collect2: error: ld returned 1 exit status
CMakeFiles/cmTC_88772.dir/build.make:98: recipe for target 'cmTC_88772' failed
make[1]: *** [cmTC_88772] Error 1
make[1]: Leaving directory '/home/akshatchauhan/example/cpp-unit-testing-101/build/CMakeFiles/CMakeTmp'
Makefile:127: recipe for target 'cmTC_88772/fast' failed
make: *** [cmTC_88772/fast] Error 2



